..................F
=================================== FAILURES ===================================
___________________________________ test_019 ___________________________________

    def test_019():
        source = """
    void main () {
        return ++--++a;
        return !++a;
    }
    """
        expected = "success"
>       assert Parser(source).parse() == expected
E       AssertionError: assert 'Error on line 3 col 13: --' == 'success'
E         
E         - success
E         + Error on line 3 col 13: --

test_parser.py:285: AssertionError
=========================== short test summary info ============================
FAILED test_parser.py::test_019 - AssertionError: assert 'Error on line 3 col...
!!!!!!!!!!!!!!!!!!!!!!!!!! stopping after 1 failures !!!!!!!!!!!!!!!!!!!!!!!!!!!
