.....................F
=================================== FAILURES ===================================
___________________________________ test_022 ___________________________________

    def test_022():
        source = """
    void main () {
        return a++--++--;
        return ++--++--a++--++--;
    }
    """
        expected = "success"
>       assert Parser(source).parse() == expected
E       AssertionError: assert 'Error on line 3 col 12: ++' == 'success'
E         
E         - success
E         + Error on line 3 col 12: ++

test_parser.py:313: AssertionError
=========================== short test summary info ============================
FAILED test_parser.py::test_022 - AssertionError: assert 'Error on line 3 col...
!!!!!!!!!!!!!!!!!!!!!!!!!! stopping after 1 failures !!!!!!!!!!!!!!!!!!!!!!!!!!!
