......................F
=================================== FAILURES ===================================
___________________________________ test_023 ___________________________________

    def test_023():
        source = """
    void main () {
        return ++(+a) * (a / (c));
    }
    """
        expected = "success"
>       assert Parser(source).parse() == expected
E       AssertionError: assert 'Error on line 3 col 13: (' == 'success'
E         
E         - success
E         + Error on line 3 col 13: (

test_parser.py:322: AssertionError
=========================== short test summary info ============================
FAILED test_parser.py::test_023 - AssertionError: assert 'Error on line 3 col...
!!!!!!!!!!!!!!!!!!!!!!!!!! stopping after 1 failures !!!!!!!!!!!!!!!!!!!!!!!!!!!
