.........F
=================================== FAILURES ===================================
___________________________________ test_010 ___________________________________

    def test_010():
        source = """
    void main () {
        return 1 = 2 = 3;
        return (a = b) + 7;
    }
    """
        expected = "success"
>       assert Parser(source).parse() == expected
E       AssertionError: assert 'Error on line 3 col 13: =' == 'success'
E         
E         - success
E         + Error on line 3 col 13: =

test_parser.py:194: AssertionError
=========================== short test summary info ============================
FAILED test_parser.py::test_010 - AssertionError: assert 'Error on line 3 col...
!!!!!!!!!!!!!!!!!!!!!!!!!! stopping after 1 failures !!!!!!!!!!!!!!!!!!!!!!!!!!!
