..............................................F
=================================== FAILURES ===================================
___________________________________ test_047 ___________________________________

    def test_047():
        source = """
    void main () {
        return ;
        return 1 +2 *++3;
    }
    """
        expected = "success"
>       assert Parser(source).parse() == expected
E       AssertionError: assert 'Error on line 4 col 19: 3' == 'success'
E         
E         - success
E         + Error on line 4 col 19: 3

test_parser.py:581: AssertionError
=========================== short test summary info ============================
FAILED test_parser.py::test_047 - AssertionError: assert 'Error on line 4 col...
!!!!!!!!!!!!!!!!!!!!!!!!!! stopping after 1 failures !!!!!!!!!!!!!!!!!!!!!!!!!!!
